SF:/home/filho/Devland/DevlandExercicios/Exercicios/Ex01.cs
FN:3,System.Int32 Ex01::SomarDeDoisNumeros(System.Int32,System.Int32)
FNDA:1,System.Int32 Ex01::SomarDeDoisNumeros(System.Int32,System.Int32)
DA:4,1
DA:5,1
DA:6,1
LF:3
LH:3
BRF:0
BRH:0
FNF:1
FNH:1
end_of_record
SF:/home/filho/Devland/DevlandExercicios/Exercicios/Ex02.cs
FN:3,System.String Ex02::VerificarSeNumeroParOuImpar(System.Int32)
FNDA:3,System.String Ex02::VerificarSeNumeroParOuImpar(System.Int32)
DA:4,3
DA:5,5
DA:6,2
DA:7,1
DA:8,1
DA:10,3
BRDA:5,9,0,2
BRDA:5,9,1,1
LF:6
LH:6
BRF:2
BRH:2
FNF:1
FNH:1
end_of_record
SF:/home/filho/Devland/DevlandExercicios/Exercicios/Ex03.cs
FN:3,System.String Ex03::VerificarNumeroPrimo(System.Int32)
FNDA:4,System.String Ex03::VerificarNumeroPrimo(System.Int32)
DA:4,4
DA:5,4
DA:7,32
DA:8,12
DA:9,12
DA:10,6
DA:12,6
DA:13,6
DA:14,12
DA:15,4
DA:16,1
DA:17,1
DA:20,3
DA:21,3
DA:23,4
BRDA:7,38,1,12
BRDA:9,16,0,6
BRDA:9,16,1,12
BRDA:7,38,0,4
BRDA:15,48,0,1
BRDA:15,48,1,3
LF:15
LH:15
BRF:6
BRH:6
FNF:1
FNH:1
end_of_record
SF:/home/filho/Devland/DevlandExercicios/Exercicios/Ex06.cs
FN:5,System.String Ex06::ContagemDeCaracteres(System.String)
FNDA:4,System.String Ex06::ContagemDeCaracteres(System.String)
DA:6,4
DA:7,4
DA:9,34
DA:10,13
DA:11,13
DA:12,60
DA:13,22
DA:14,22
DA:15,5
DA:16,5
DA:17,5
DA:19,17
DA:21,13
DA:22,8
DA:23,8
DA:24,86
DA:25,35
DA:26,35
DA:27,13
DA:28,13
DA:29,13
DA:30,35
DA:31,8
DA:32,8
DA:33,13
DA:35,4
DA:36,4
BRDA:9,236,1,13
BRDA:12,62,1,22
BRDA:14,42,0,5
BRDA:14,42,1,17
BRDA:12,62,0,13
BRDA:21,72,0,8
BRDA:24,139,1,35
BRDA:26,108,0,13
BRDA:26,108,1,35
BRDA:24,139,0,8
BRDA:21,72,1,13
BRDA:9,236,0,4
LF:27
LH:27
BRF:12
BRH:12
FNF:1
FNH:1
end_of_record
SF:/home/filho/Devland/DevlandExercicios/Exercicios/Ex07.cs
FN:3,System.Int32 Ex07::MaiorElementoDoArray(System.Int32[])
FNDA:4,System.Int32 Ex07::MaiorElementoDoArray(System.Int32[])
DA:4,4
DA:5,54
DA:6,23
DA:7,420
DA:8,187
DA:9,187
DA:10,51
DA:11,51
DA:12,51
DA:13,51
DA:14,51
DA:15,187
DA:16,23
DA:18,4
DA:19,4
BRDA:5,81,1,23
BRDA:7,62,1,187
BRDA:9,23,0,51
BRDA:9,23,1,187
BRDA:7,62,0,23
BRDA:5,81,0,4
LF:15
LH:15
BRF:6
BRH:6
FNF:1
FNH:1
end_of_record
SF:/home/filho/Devland/DevlandExercicios/Exercicios/Ex08.cs
FN:3,System.Int32 Ex08::SomaDosElementosDoArray(System.Int32[])
FNDA:8,System.Int32 Ex08::SomaDosElementosDoArray(System.Int32[])
DA:4,8
DA:5,42
DA:6,15
DA:7,15
DA:8,15
DA:9,4
DA:10,4
BRDA:5,28,1,15
BRDA:5,28,0,4
LF:7
LH:7
BRF:2
BRH:2
FNF:1
FNH:1
end_of_record
SF:/home/filho/Devland/DevlandExercicios/Exercicios/Ex09.cs
FN:3,System.String[] Ex09::OrdenacaoDeNomes(System.String[])
FNDA:3,System.String[] Ex09::OrdenacaoDeNomes(System.String[])
DA:4,3
DA:5,12
DA:6,3
DA:7,3
DA:9,18
DA:10,6
DA:11,6
DA:12,2
DA:13,2
DA:14,2
DA:15,6
DA:17,3
DA:18,2
DA:19,2
DA:20,2
DA:21,2
DA:22,2
DA:23,3
DA:25,3
DA:26,3
BRDA:5,103,1,3
BRDA:9,53,1,6
BRDA:11,32,0,2
BRDA:11,32,1,6
BRDA:9,53,0,3
BRDA:17,66,0,2
BRDA:17,66,1,3
BRDA:5,103,0,3
LF:20
LH:20
BRF:8
BRH:8
FNF:1
FNH:1
end_of_record
SF:/home/filho/Devland/DevlandExercicios/Exercicios/Ex04.cs
FN:5,System.String Exercicios.Ex04::InversaoDeString(System.String)
FNDA:5,System.String Exercicios.Ex04::InversaoDeString(System.String)
DA:6,5
DA:7,5
DA:8,36
DA:9,13
DA:10,13
DA:11,13
DA:12,5
DA:13,5
BRDA:8,55,1,13
BRDA:8,55,0,5
LF:8
LH:8
BRF:2
BRH:2
FNF:1
FNH:1
end_of_record
SF:/home/filho/Devland/DevlandExercicios/Exercicios/Ex05.cs
FN:5,System.Int32[] Exercicios.Ex05::OrdenacaoDeArray(System.Int32[])
FNDA:5,System.Int32[] Exercicios.Ex05::OrdenacaoDeArray(System.Int32[])
DA:6,5
DA:7,34
DA:8,12
DA:9,86
DA:10,31
DA:11,31
DA:12,6
DA:13,6
DA:14,6
DA:15,6
DA:16,6
DA:17,31
DA:18,12
DA:20,5
DA:21,5
BRDA:7,83,1,12
BRDA:9,64,1,31
BRDA:11,23,0,6
BRDA:11,23,1,31
BRDA:9,64,0,12
BRDA:7,83,0,5
LF:15
LH:15
BRF:6
BRH:6
FNF:1
FNH:1
end_of_record
SF:/home/filho/Devland/DevlandExercicios/Exercicios/Program.cs
FN:5,System.Void Exercicios.Program::Main()
FNDA:0,System.Void Exercicios.Program::Main()
DA:6,0
DA:7,0
DA:8,0
DA:10,0
DA:11,0
DA:13,0
DA:14,0
DA:16,0
DA:17,0
DA:19,0
DA:20,0
DA:21,0
DA:23,0
DA:24,0
DA:26,0
DA:27,0
DA:29,0
DA:30,0
DA:32,0
DA:33,0
DA:34,0
DA:35,0
LF:22
LH:0
BRF:0
BRH:0
FNF:1
FNH:0
end_of_record